[debug] [2020-11-22T11:56:15.433Z] ----------------------------------------------------------------------
[debug] [2020-11-22T11:56:15.436Z] Command:       C:\Program Files\nodejs\node.exe C:\Users\Samir\AppData\Roaming\npm\node_modules\firebase-tools\lib\bin\firebase.js emulators:start
[debug] [2020-11-22T11:56:15.436Z] CLI Version:   8.16.2
[debug] [2020-11-22T11:56:15.436Z] Platform:      win32
[debug] [2020-11-22T11:56:15.436Z] Node Version:  v12.18.3
[debug] [2020-11-22T11:56:15.437Z] Time:          Sun Nov 22 2020 03:56:15 GMT-0800 (Pacific Standard Time)
[debug] [2020-11-22T11:56:15.437Z] ----------------------------------------------------------------------
[debug] [2020-11-22T11:56:15.438Z] 
[debug] [2020-11-22T11:56:15.445Z] > command requires scopes: ["email","openid","https://www.googleapis.com/auth/cloudplatformprojects.readonly","https://www.googleapis.com/auth/firebase","https://www.googleapis.com/auth/cloud-platform"]
[debug] [2020-11-22T11:56:15.446Z] > authorizing via signed-in user
[info] i  emulators: Starting emulators: functions {"metadata":{"emulator":{"name":"hub"},"message":"Starting emulators: functions"}}
[debug] [2020-11-22T11:56:17.524Z] [hub] writing locator at C:\Users\Samir\AppData\Local\Temp\hub-clone-7389d.json
[warn] !  functions: The following emulators are not running, calls to these services from the Functions emulator will affect production: auth, firestore, database, hosting, pubsub {"metadata":{"emulator":{"name":"functions"},"message":"The following emulators are not running, calls to these services from the Functions emulator will affect production: \u001b[1mauth, firestore, database, hosting, pubsub\u001b[22m"}}
[info] +  functions: Using node@12 from host. {"metadata":{"emulator":{"name":"functions"},"message":"Using node@12 from host."}}
[debug] [2020-11-22T11:56:19.573Z] defaultcredentials: writing to file C:\Users\Samir\AppData\Roaming\firebase\samirulalam372_gmail_com_application_default_credentials.json
[debug] [2020-11-22T11:56:19.578Z] Setting GAC to C:\Users\Samir\AppData\Roaming\firebase\samirulalam372_gmail_com_application_default_credentials.json {"metadata":{"emulator":{"name":"functions"},"message":"Setting GAC to C:\\Users\\Samir\\AppData\\Roaming\\firebase\\samirulalam372_gmail_com_application_default_credentials.json"}}
[debug] [2020-11-22T11:56:23.626Z] Ignoring unsupported arg: auto_download {"metadata":{"emulator":{"name":"ui"},"message":"Ignoring unsupported arg: auto_download"}}
[debug] [2020-11-22T11:56:23.626Z] Ignoring unsupported arg: port {"metadata":{"emulator":{"name":"ui"},"message":"Ignoring unsupported arg: port"}}
[debug] [2020-11-22T11:56:23.626Z] Starting Emulator UI with command {"binary":"node","args":["C:\\Users\\Samir\\.cache\\firebase\\emulators\\ui-v1.2.2\\server.bundle.js"],"optionalArgs":[],"joinArgs":false} {"metadata":{"emulator":{"name":"ui"},"message":"Starting Emulator UI with command {\"binary\":\"node\",\"args\":[\"C:\\\\Users\\\\Samir\\\\.cache\\\\firebase\\\\emulators\\\\ui-v1.2.2\\\\server.bundle.js\"],\"optionalArgs\":[],\"joinArgs\":false}"}}
[info] i  ui: Emulator UI logging to ui-debug.log {"metadata":{"emulator":{"name":"ui"},"message":"Emulator UI logging to \u001b[1mui-debug.log\u001b[22m"}}
[debug] [2020-11-22T11:56:23.746Z] Web / API server started at http://localhost:4000
 {"metadata":{"emulator":{"name":"ui"},"message":"Web / API server started at http://localhost:4000\n"}}
[info] i  functions: Watching "D:\java script\React Amazon\amazon-clone\functions" for Cloud Functions... {"metadata":{"emulator":{"name":"functions"},"message":"Watching \"D:\\java script\\React Amazon\\amazon-clone\\functions\" for Cloud Functions..."}}
[debug] [2020-11-22T11:56:24.180Z] [worker-pool] addWorker(~diagnostic~) {"metadata":{"emulator":{"name":"functions"},"message":"[worker-pool] addWorker(~diagnostic~)"}}
[debug] [2020-11-22T11:56:24.180Z] [worker-pool] Adding worker with key ~diagnostic~, total=1 {"metadata":{"emulator":{"name":"functions"},"message":"[worker-pool] Adding worker with key ~diagnostic~, total=1"}}
[debug] [2020-11-22T11:56:24.180Z] [worker-pool] submitWork(triggerId=) {"metadata":{"emulator":{"name":"functions"},"message":"[worker-pool] submitWork(triggerId=)"}}
[debug] [2020-11-22T11:56:24.181Z] [worker-~diagnostic~-9a7552c1-2e87-452d-a7c0-8dce578af6bb]: Assigning socketPath: \\?\pipe\D:\java script\React Amazon\amazon-clone\functions\6800 {"metadata":{"emulator":{"name":"functions"},"message":"[worker-~diagnostic~-9a7552c1-2e87-452d-a7c0-8dce578af6bb]: Assigning socketPath: \\\\?\\pipe\\D:\\java script\\React Amazon\\amazon-clone\\functions\\6800"}}
[debug] [2020-11-22T11:56:24.181Z] [worker-~diagnostic~-9a7552c1-2e87-452d-a7c0-8dce578af6bb]: BUSY {"metadata":{"emulator":{"name":"functions"},"message":"[worker-~diagnostic~-9a7552c1-2e87-452d-a7c0-8dce578af6bb]: BUSY"}}
[debug] [2020-11-22T11:56:24.656Z] [runtime-status] [6800] Functions runtime initialized. {"cwd":"D:\\java script\\React Amazon\\amazon-clone\\functions","node_version":"12.18.3"} {"metadata":{"emulator":{"name":"functions"},"message":"[runtime-status] [6800] Functions runtime initialized. {\"cwd\":\"D:\\\\java script\\\\React Amazon\\\\amazon-clone\\\\functions\",\"node_version\":\"12.18.3\"}"}}
[debug] [2020-11-22T11:56:24.661Z] [runtime-status] [6800] Disabled runtime features: undefined {"metadata":{"emulator":{"name":"functions"},"message":"[runtime-status] [6800] Disabled runtime features: undefined"}}
[debug] [2020-11-22T11:56:24.667Z] [runtime-status] [6800] Resolved module firebase-admin {"declared":true,"installed":true,"version":"9.4.1","resolution":"D:\\java script\\React Amazon\\amazon-clone\\functions\\node_modules\\firebase-admin\\lib\\index.js"} {"metadata":{"emulator":{"name":"functions"},"message":"[runtime-status] [6800] Resolved module firebase-admin {\"declared\":true,\"installed\":true,\"version\":\"9.4.1\",\"resolution\":\"D:\\\\java script\\\\React Amazon\\\\amazon-clone\\\\functions\\\\node_modules\\\\firebase-admin\\\\lib\\\\index.js\"}"}}
[debug] [2020-11-22T11:56:24.668Z] [runtime-status] [6800] Resolved module firebase-functions {"declared":true,"installed":true,"version":"3.11.0","resolution":"D:\\java script\\React Amazon\\amazon-clone\\functions\\node_modules\\firebase-functions\\lib\\index.js"} {"metadata":{"emulator":{"name":"functions"},"message":"[runtime-status] [6800] Resolved module firebase-functions {\"declared\":true,\"installed\":true,\"version\":\"3.11.0\",\"resolution\":\"D:\\\\java script\\\\React Amazon\\\\amazon-clone\\\\functions\\\\node_modules\\\\firebase-functions\\\\lib\\\\index.js\"}"}}
[debug] [2020-11-22T11:56:24.669Z] [runtime-status] [6800] Resolved module firebase-functions {"declared":true,"installed":true,"version":"3.11.0","resolution":"D:\\java script\\React Amazon\\amazon-clone\\functions\\node_modules\\firebase-functions\\lib\\index.js"} {"metadata":{"emulator":{"name":"functions"},"message":"[runtime-status] [6800] Resolved module firebase-functions {\"declared\":true,\"installed\":true,\"version\":\"3.11.0\",\"resolution\":\"D:\\\\java script\\\\React Amazon\\\\amazon-clone\\\\functions\\\\node_modules\\\\firebase-functions\\\\lib\\\\index.js\"}"}}
[debug] [2020-11-22T11:56:24.671Z] [runtime-status] [6800] Outgoing network have been stubbed. [{"name":"http","status":"mocked"},{"name":"http","status":"mocked"},{"name":"https","status":"mocked"},{"name":"https","status":"mocked"},{"name":"net","status":"mocked"}] {"metadata":{"emulator":{"name":"functions"},"message":"[runtime-status] [6800] Outgoing network have been stubbed. [{\"name\":\"http\",\"status\":\"mocked\"},{\"name\":\"http\",\"status\":\"mocked\"},{\"name\":\"https\",\"status\":\"mocked\"},{\"name\":\"https\",\"status\":\"mocked\"},{\"name\":\"net\",\"status\":\"mocked\"}]"}}
[debug] [2020-11-22T11:56:24.672Z] [runtime-status] [6800] Resolved module firebase-functions {"declared":true,"installed":true,"version":"3.11.0","resolution":"D:\\java script\\React Amazon\\amazon-clone\\functions\\node_modules\\firebase-functions\\lib\\index.js"} {"metadata":{"emulator":{"name":"functions"},"message":"[runtime-status] [6800] Resolved module firebase-functions {\"declared\":true,\"installed\":true,\"version\":\"3.11.0\",\"resolution\":\"D:\\\\java script\\\\React Amazon\\\\amazon-clone\\\\functions\\\\node_modules\\\\firebase-functions\\\\lib\\\\index.js\"}"}}
[debug] [2020-11-22T11:56:24.718Z] [runtime-status] [6800] Checked functions.config() {"config":{}} {"metadata":{"emulator":{"name":"functions"},"message":"[runtime-status] [6800] Checked functions.config() {\"config\":{}}"}}
[debug] [2020-11-22T11:56:24.718Z] [runtime-status] [6800] firebase-functions has been stubbed. {"functionsResolution":{"declared":true,"installed":true,"version":"3.11.0","resolution":"D:\\java script\\React Amazon\\amazon-clone\\functions\\node_modules\\firebase-functions\\lib\\index.js"}} {"metadata":{"emulator":{"name":"functions"},"message":"[runtime-status] [6800] firebase-functions has been stubbed. {\"functionsResolution\":{\"declared\":true,\"installed\":true,\"version\":\"3.11.0\",\"resolution\":\"D:\\\\java script\\\\React Amazon\\\\amazon-clone\\\\functions\\\\node_modules\\\\firebase-functions\\\\lib\\\\index.js\"}}"}}
[debug] [2020-11-22T11:56:24.719Z] [runtime-status] [6800] Resolved module firebase-functions {"declared":true,"installed":true,"version":"3.11.0","resolution":"D:\\java script\\React Amazon\\amazon-clone\\functions\\node_modules\\firebase-functions\\lib\\index.js"} {"metadata":{"emulator":{"name":"functions"},"message":"[runtime-status] [6800] Resolved module firebase-functions {\"declared\":true,\"installed\":true,\"version\":\"3.11.0\",\"resolution\":\"D:\\\\java script\\\\React Amazon\\\\amazon-clone\\\\functions\\\\node_modules\\\\firebase-functions\\\\lib\\\\index.js\"}"}}
[debug] [2020-11-22T11:56:24.720Z] [runtime-status] [6800] Resolved module firebase-admin {"declared":true,"installed":true,"version":"9.4.1","resolution":"D:\\java script\\React Amazon\\amazon-clone\\functions\\node_modules\\firebase-admin\\lib\\index.js"} {"metadata":{"emulator":{"name":"functions"},"message":"[runtime-status] [6800] Resolved module firebase-admin {\"declared\":true,\"installed\":true,\"version\":\"9.4.1\",\"resolution\":\"D:\\\\java script\\\\React Amazon\\\\amazon-clone\\\\functions\\\\node_modules\\\\firebase-admin\\\\lib\\\\index.js\"}"}}
[debug] [2020-11-22T11:56:24.721Z] [runtime-status] [6800] Resolved module firebase-functions {"declared":true,"installed":true,"version":"3.11.0","resolution":"D:\\java script\\React Amazon\\amazon-clone\\functions\\node_modules\\firebase-functions\\lib\\index.js"} {"metadata":{"emulator":{"name":"functions"},"message":"[runtime-status] [6800] Resolved module firebase-functions {\"declared\":true,\"installed\":true,\"version\":\"3.11.0\",\"resolution\":\"D:\\\\java script\\\\React Amazon\\\\amazon-clone\\\\functions\\\\node_modules\\\\firebase-functions\\\\lib\\\\index.js\"}"}}
[debug] [2020-11-22T11:56:24.721Z] [runtime-status] [6800] firebase-admin has been stubbed. {"adminResolution":{"declared":true,"installed":true,"version":"9.4.1","resolution":"D:\\java script\\React Amazon\\amazon-clone\\functions\\node_modules\\firebase-admin\\lib\\index.js"}} {"metadata":{"emulator":{"name":"functions"},"message":"[runtime-status] [6800] firebase-admin has been stubbed. {\"adminResolution\":{\"declared\":true,\"installed\":true,\"version\":\"9.4.1\",\"resolution\":\"D:\\\\java script\\\\React Amazon\\\\amazon-clone\\\\functions\\\\node_modules\\\\firebase-admin\\\\lib\\\\index.js\"}}"}}
[info] 
┌────────────────────────────────────────────────────────────────┐
│ ✔  All emulators ready! View status and logs at localhost:4000 │
└────────────────────────────────────────────────────────────────┘

┌───────────┬────────────────┬──────────────────────────┐
│ Emulator  │ Host:Port      │ View in Emulator UI      │
├───────────┼────────────────┼──────────────────────────┤
│ Functions │ localhost:5001 │ localhost:4000/functions │
└───────────┴────────────────┴──────────────────────────┘
  Other reserved ports: 4400, 4500

Issues? Report them at https://github.com/firebase/firebase-tools/issues and attach the *-debug.log files.
 
[debug] [2020-11-22T11:56:24.743Z] [worker-~diagnostic~-9a7552c1-2e87-452d-a7c0-8dce578af6bb]: IDLE {"metadata":{"emulator":{"name":"functions"},"message":"[worker-~diagnostic~-9a7552c1-2e87-452d-a7c0-8dce578af6bb]: IDLE"}}
[debug] [2020-11-22T12:00:15.108Z] Received signal SIGHUP 1
